This is pdfTeX, Version 3.14159265-2.6-1.40.19 (TeX Live 2019/dev/Debian) (preloaded format=latex 2021.4.29)  29 APR 2021 19:42
entering extended mode
 restricted \write18 enabled.
 %&-line parsing enabled.
**Avance.tex
(./Avance.tex
LaTeX2e <2018-12-01>

! LaTeX Error: File `elsarticle.cls' not found.

Type X to quit or <RETURN> to proceed,
or enter new name. (Default extension: cls)

Enter file name: 
! Emergency stop.
<read *> 
         
l.26 ^^M
        
*** (cannot \read from terminal in nonstop modes)

 
Here is how much of TeX's memory you used:
 10 strings out of 494459
 207 string characters out of 6174527
 52489 words of memory out of 5000000
 3785 multiletter control sequences out of 15000+600000
 3640 words of font info for 14 fonts, out of 8000000 for 9000
 62 hyphenation exceptions out of 8191
 10i,0n,8p,619b,8s stack positions out of 5000i,500n,10000p,200000b,80000s
No pages of output.
