Using pre-set license
Desktop is 1366 x 768 @ 60 Hz

 COMMAND LINE ARGUMENTS:
Unity
-adb2
-batchMode
-noUpm
-name
AssetImportWorker0
-projectPath
/home/daerksun/Unity/Files/ProyectoEntrega3(1)/ProyectoEntrega3/Proyecto3GAYV
-logFile
Logs/AssetImportWorker0.log
-srvPort
34163
Successfully changed project path to: /home/daerksun/Unity/Files/ProyectoEntrega3(1)/ProyectoEntrega3/Proyecto3GAYV
/home/daerksun/Unity/Files/ProyectoEntrega3(1)/ProyectoEntrega3/Proyecto3GAYV
Using Asset Import Pipeline V2.
Refreshing native plugins compatible for Editor in 134.32 ms, found 0 plugins.
Preloading 0 native plugins for Editor in 0.00 ms.
Initialize engine version: 2020.2.6f1 (8a2143876886)
[Subsystems] Discovering subsystems at path /home/daerksun/Unity/Hub/Editor/2020.2.6f1/Editor/Data/Resources/UnitySubsystems
[Subsystems] Discovering subsystems at path /home/daerksun/Unity/Files/ProyectoEntrega3(1)/ProyectoEntrega3/Proyecto3GAYV/Assets
GLX Extensions: GLX_ARB_create_context GLX_ARB_create_context_profile GLX_ARB_create_context_robustness GLX_ARB_fbconfig_float GLX_ARB_framebuffer_sRGB GLX_ARB_get_proc_address GLX_ARB_multisample GLX_EXT_buffer_age GLX_EXT_create_context_es2_profile GLX_EXT_create_context_es_profile GLX_EXT_fbconfig_packed_float GLX_EXT_framebuffer_sRGB GLX_EXT_import_context GLX_EXT_texture_from_pixmap GLX_EXT_visual_info GLX_EXT_visual_rating GLX_INTEL_swap_event GLX_MESA_copy_sub_buffer GLX_MESA_query_renderer GLX_MESA_swap_control GLX_OML_swap_method GLX_OML_sync_control GLX_SGIS_multisample GLX_SGIX_fbconfig GLX_SGIX_pbuffer GLX_SGIX_visual_select_group GLX_SGI_make_current_read GLX_SGI_swap_control GLX_SGI_video_sync 
Renderer: Mesa DRI Intel(R) Ivybridge Mobile 
Vendor:   Intel Open Source Technology Center
Version:  4.2 (Core Profile) Mesa 18.3.6
GLES:     0
 GL_3DFX_texture_compression_FXT1 GL_AMD_conservative_depth GL_AMD_draw_buffers_blend GL_AMD_multi_draw_indirect GL_AMD_seamless_cubemap_per_texture GL_AMD_shader_trinary_minmax GL_AMD_vertex_shader_layer GL_AMD_vertex_shader_viewport_index GL_ANGLE_texture_compression_dxt3 GL_ANGLE_texture_compression_dxt5 GL_APPLE_object_purgeable GL_ARB_ES2_compatibility GL_ARB_ES3_compatibility GL_ARB_arrays_of_arrays GL_ARB_base_instance GL_ARB_blend_func_extended GL_ARB_buffer_storage GL_ARB_clear_buffer_object GL_ARB_clear_texture GL_ARB_clip_control GL_ARB_compressed_texture_pixel_storage GL_ARB_compute_shader GL_ARB_conditional_render_inverted GL_ARB_conservative_depth GL_ARB_copy_buffer GL_ARB_copy_image GL_ARB_cull_distance GL_ARB_debug_output GL_ARB_depth_buffer_float GL_ARB_depth_clamp GL_ARB_derivative_control GL_ARB_direct_state_access GL_ARB_draw_buffers GL_ARB_draw_buffers_blend GL_ARB_draw_elements_base_vertex GL_ARB_draw_indirect GL_ARB_draw_instanced GL_ARB_enhanced_layouts GL_ARB_explicit_attrib_location
 GL_ARB_explicit_uniform_location GL_ARB_fragment_coord_conventions GL_ARB_fragment_layer_viewport GL_ARB_fragment_shader GL_ARB_framebuffer_no_attachments GL_ARB_framebuffer_object GL_ARB_framebuffer_sRGB GL_ARB_get_program_binary GL_ARB_get_texture_sub_image GL_ARB_gpu_shader5 GL_ARB_gpu_shader_fp64 GL_ARB_half_float_pixel GL_ARB_half_float_vertex GL_ARB_indirect_parameters GL_ARB_instanced_arrays GL_ARB_internalformat_query GL_ARB_internalformat_query2 GL_ARB_invalidate_subdata GL_ARB_map_buffer_alignment GL_ARB_map_buffer_range GL_ARB_multi_bind GL_ARB_multi_draw_indirect GL_ARB_occlusion_query2 GL_ARB_pipeline_statistics_query GL_ARB_pixel_buffer_object GL_ARB_point_sprite GL_ARB_polygon_offset_clamp GL_ARB_program_interface_query GL_ARB_provoking_vertex GL_ARB_robustness GL_ARB_sample_shading GL_ARB_sampler_objects GL_ARB_seamless_cube_map GL_ARB_seamless_cubemap_per_texture GL_ARB_separate_shader_objects GL_ARB_shader_atomic_counter_ops GL_ARB_shader_atomic_counters GL_ARB_shader_bit_encoding GL_ARB_s
hader_clock GL_ARB_shader_draw_parameters GL_ARB_shader_group_vote GL_ARB_shader_image_load_store GL_ARB_shader_image_size GL_ARB_shader_objects GL_ARB_shader_precision GL_ARB_shader_storage_buffer_object GL_ARB_shader_subroutine GL_ARB_shader_texture_image_samples GL_ARB_shader_texture_lod GL_ARB_shader_viewport_layer_array GL_ARB_shading_language_420pack GL_ARB_shading_language_packing GL_ARB_sync GL_ARB_tessellation_shader GL_ARB_texture_barrier GL_ARB_texture_buffer_object GL_ARB_texture_buffer_object_rgb32 GL_ARB_texture_buffer_range GL_ARB_texture_compression_bptc GL_ARB_texture_compression_rgtc GL_ARB_texture_cube_map_array GL_ARB_texture_filter_anisotropic GL_ARB_texture_float GL_ARB_texture_gather GL_ARB_texture_mirror_clamp_to_edge GL_ARB_texture_multisample GL_ARB_texture_non_power_of_two GL_ARB_texture_query_levels GL_ARB_texture_query_lod GL_ARB_texture_rectangle GL_ARB_texture_rg GL_ARB_texture_rgb10_a2ui GL_ARB_texture_storage GL_ARB_texture_storage_multisample GL_ARB_texture_swizzle GL_ARB_te
xture_view GL_ARB_timer_query GL_ARB_transform_feedback2 GL_ARB_transform_feedback3 GL_ARB_transform_feedback_instanced GL_ARB_transform_feedback_overflow_query GL_ARB_uniform_buffer_object GL_ARB_vertex_array_bgra GL_ARB_vertex_array_object GL_ARB_vertex_attrib_64bit GL_ARB_vertex_attrib_binding GL_ARB_vertex_buffer_object GL_ARB_vertex_shader GL_ARB_vertex_type_10f_11f_11f_rev GL_ARB_vertex_type_2_10_10_10_rev GL_ARB_viewport_array GL_ATI_blend_equation_separate GL_ATI_texture_float GL_EXT_abgr GL_EXT_blend_equation_separate GL_EXT_draw_buffers2 GL_EXT_draw_instanced GL_EXT_framebuffer_blit GL_EXT_framebuffer_multisample GL_EXT_framebuffer_multisample_blit_scaled GL_EXT_framebuffer_object GL_EXT_framebuffer_sRGB GL_EXT_packed_depth_stencil GL_EXT_packed_float GL_EXT_pixel_buffer_object GL_EXT_polygon_offset_clamp GL_EXT_provoking_vertex GL_EXT_shader_framebuffer_fetch_non_coherent GL_EXT_shader_integer_mix GL_EXT_shader_samples_identical GL_EXT_texture_array GL_EXT_texture_compression_dxt1 GL_EXT_texture_c
ompression_rgtc GL_EXT_texture_compression_s3tc GL_EXT_texture_filter_anisotropic GL_EXT_texture_integer GL_EXT_texture_sRGB GL_EXT_texture_sRGB_decode GL_EXT_texture_shared_exponent GL_EXT_texture_snorm GL_EXT_texture_swizzle GL_EXT_timer_query GL_EXT_transform_feedback GL_EXT_vertex_array_bgra GL_EXT_vertex_attrib_64bit GL_IBM_multimode_draw_arrays GL_INTEL_performance_query GL_KHR_blend_equation_advanced GL_KHR_context_flush_control GL_KHR_debug GL_KHR_no_error GL_KHR_robustness GL_MESA_pack_invert GL_MESA_shader_integer_functions GL_MESA_texture_signed_rgba GL_NV_conditional_render GL_NV_depth_clamp GL_NV_packed_depth_stencil GL_NV_texture_barrier GL_OES_EGL_image GL_S3_s3tc
OPENGL LOG: Creating OpenGL 4.2 graphics device ; Context level  <OpenGL 4.2> ; Context handle -220274688
Initialize mono
Mono path[0] = '/home/daerksun/Unity/Hub/Editor/2020.2.6f1/Editor/Data/Managed'
Mono path[1] = '/home/daerksun/Unity/Hub/Editor/2020.2.6f1/Editor/Data/MonoBleedingEdge/lib/mono/unityjit'
Mono config path = '/home/daerksun/Unity/Hub/Editor/2020.2.6f1/Editor/Data/MonoBleedingEdge/etc'
Using monoOptions --debugger-agent=transport=dt_socket,embedding=1,server=y,suspend=n,address=127.0.0.1:56341
Begin MonoManager ReloadAssembly
Registering precompiled unity dll's ...
Register platform support module: /home/daerksun/Unity/Hub/Editor/2020.2.6f1/Editor/Data/PlaybackEngines/LinuxStandaloneSupport/UnityEditor.LinuxStandalone.Extensions.dll
Registered in 0.003591 seconds.
Native extension for LinuxStandalone target not found
Refreshing native plugins compatible for Editor in 217.68 ms, found 0 plugins.
Preloading 0 native plugins for Editor in 0.00 ms.
Invoked RoslynAnalysisRunner static constructor.
RoslynAnalysisRunner will not be running.
RoslynAnalysisRunner has terminated.
Mono: successfully reloaded assembly
- Completed reload, in 10.926 seconds
Platform modules already initialized, skipping
Registering precompiled user dll's ...
Registered in 0.001517 seconds.
Required property 'name' not set (Packages/com.unity.sysroot.linux-x86_64/Tests/Editor/Unity.Sysroot.Linux-x86_64.EditorTests.asmdef)

Required property 'name' not set (Packages/com.unity.sysroot.linux-x86_64/Editor/Unity.Sysroot.Linux-x86_64.asmdef)

Required property 'name' not set (Packages/com.unity.toolchain.linux-x86_64/Tests/Editor/Unity.Toolchain.Linux-x86_64.EditorTests.asmdef)

Required property 'name' not set (Packages/com.unity.toolchain.linux-x86_64/Editor/Unity.Toolchain.Linux-x86_64.asmdef)

Required property 'name' not set (Packages/com.unity.sysroot/Tests/Editor/Unity.Sysroot.EditorTests.asmdef)

Required property 'name' not set (Packages/com.unity.sysroot/Editor/Unity.SysrootPackage.Editor.asmdef)

Required property 'name' not set (Packages/com.unity.sysroot.linux-x86_64/Tests/Editor/Unity.Sysroot.Linux-x86_64.EditorTests.asmdef)

Required property 'name' not set (Packages/com.unity.sysroot.linux-x86_64/Editor/Unity.Sysroot.Linux-x86_64.asmdef)

Required property 'name' not set (Packages/com.unity.toolchain.linux-x86_64/Tests/Editor/Unity.Toolchain.Linux-x86_64.EditorTests.asmdef)

Required property 'name' not set (Packages/com.unity.toolchain.linux-x86_64/Editor/Unity.Toolchain.Linux-x86_64.asmdef)

Required property 'name' not set (Packages/com.unity.sysroot/Tests/Editor/Unity.Sysroot.EditorTests.asmdef)

Required property 'name' not set (Packages/com.unity.sysroot/Editor/Unity.SysrootPackage.Editor.asmdef)

Begin MonoManager ReloadAssembly
Native extension for LinuxStandalone target not found
Refreshing native plugins compatible for Editor in 169.65 ms, found 0 plugins.
Preloading 0 native plugins for Editor in 0.00 ms.
Required property 'name' not set (Packages/com.unity.sysroot.linux-x86_64/Tests/Editor/Unity.Sysroot.Linux-x86_64.EditorTests.asmdef)

Required property 'name' not set (Packages/com.unity.sysroot.linux-x86_64/Editor/Unity.Sysroot.Linux-x86_64.asmdef)

Required property 'name' not set (Packages/com.unity.toolchain.linux-x86_64/Tests/Editor/Unity.Toolchain.Linux-x86_64.EditorTests.asmdef)

Required property 'name' not set (Packages/com.unity.toolchain.linux-x86_64/Editor/Unity.Toolchain.Linux-x86_64.asmdef)

Required property 'name' not set (Packages/com.unity.sysroot/Tests/Editor/Unity.Sysroot.EditorTests.asmdef)

Required property 'name' not set (Packages/com.unity.sysroot/Editor/Unity.SysrootPackage.Editor.asmdef)

Invoked RoslynAnalysisRunner static constructor.
RoslynAnalysisRunner will not be running.
RoslynAnalysisRunner has terminated.
Mono: successfully reloaded assembly
- Completed reload, in  5.710 seconds
Platform modules already initialized, skipping
========================================================================
Worker process is ready to serve import requests
Launched and connected shader compiler UnityShaderCompiler after 0.01 seconds
Refreshing native plugins compatible for Editor in 0.59 ms, found 0 plugins.
Preloading 0 native plugins for Editor in 0.00 ms.
Unloading 1442 Unused Serialized files (Serialized files now loaded: 0)
System memory in use before: 77.8 MB.
System memory in use after: 77.7 MB.

Unloading 20 unused Assets to reduce memory usage. Loaded Objects now: 1902.
Total: 8.492373 ms (FindLiveObjects: 0.466526 ms CreateObjectMapping: 0.163277 ms MarkObjects: 6.948816 ms  DeleteObjects: 0.905764 ms)

========================================================================
Received Prepare
Registering precompiled user dll's ...
Registered in 0.001413 seconds.
Begin MonoManager ReloadAssembly
Native extension for LinuxStandalone target not found
Refreshing native plugins compatible for Editor in 0.66 ms, found 0 plugins.
Preloading 0 native plugins for Editor in 0.00 ms.
Invoked RoslynAnalysisRunner static constructor.
RoslynAnalysisRunner will not be running.
RoslynAnalysisRunner has terminated.
Mono: successfully reloaded assembly
- Completed reload, in  2.365 seconds
Platform modules already initialized, skipping
Refreshing native plugins compatible for Editor in 0.65 ms, found 0 plugins.
Preloading 0 native plugins for Editor in 0.00 ms.
Unloading 1422 Unused Serialized files (Serialized files now loaded: 0)
System memory in use before: 76.8 MB.
System memory in use after: 76.8 MB.

Unloading 5 unused Assets to reduce memory usage. Loaded Objects now: 1912.
Total: 5.389611 ms (FindLiveObjects: 0.384279 ms CreateObjectMapping: 0.106844 ms MarkObjects: 4.786020 ms  DeleteObjects: 0.105273 ms)

========================================================================
Received Import Request.
  path: Assets/AccionesJugador.inputactions
  artifactKey: Guid(012dd2548e3d8384485fdba702889620) Importer(815301076,1909f56bfc062723c751e8b465ee728b)
Start importing Assets/AccionesJugador.inputactions using Guid(012dd2548e3d8384485fdba702889620) Importer(815301076,1909f56bfc062723c751e8b465ee728b)  -> (artifact id: 'cc03656f5f963004946e477fee9ae9cc') in 0.108953 seconds
  Import took 0.116531 seconds .

========================================================================
Received Import Request.
  Time since last request: 0.035366 seconds.
  path: Assets/AccionesJugador.inputactions
  artifactKey: Guid(012dd2548e3d8384485fdba702889620) Importer(815301076,1909f56bfc062723c751e8b465ee728b)
Start importing Assets/AccionesJugador.inputactions using Guid(012dd2548e3d8384485fdba702889620) Importer(815301076,1909f56bfc062723c751e8b465ee728b)  -> (artifact id: 'cc03656f5f963004946e477fee9ae9cc') in 0.003140 seconds
  Import took 0.007436 seconds .

========================================================================
Received Prepare
Registering precompiled user dll's ...
Registered in 0.000927 seconds.
Begin MonoManager ReloadAssembly
Native extension for LinuxStandalone target not found
Refreshing native plugins compatible for Editor in 0.41 ms, found 0 plugins.
Preloading 0 native plugins for Editor in 0.00 ms.
Invoked RoslynAnalysisRunner static constructor.
RoslynAnalysisRunner will not be running.
RoslynAnalysisRunner has terminated.
Mono: successfully reloaded assembly
- Completed reload, in  1.756 seconds
Platform modules already initialized, skipping
Refreshing native plugins compatible for Editor in 0.39 ms, found 0 plugins.
Preloading 0 native plugins for Editor in 0.00 ms.
Unloading 1422 Unused Serialized files (Serialized files now loaded: 0)
System memory in use before: 76.8 MB.
System memory in use after: 76.9 MB.

Unloading 5 unused Assets to reduce memory usage. Loaded Objects now: 1914.
Total: 5.164516 ms (FindLiveObjects: 0.387890 ms CreateObjectMapping: 0.117568 ms MarkObjects: 4.572266 ms  DeleteObjects: 0.080211 ms)

========================================================================
Received Import Request.
  Time since last request: 708.473255 seconds.
  path: Assets/AccionesJugador.inputactions
  artifactKey: Guid(012dd2548e3d8384485fdba702889620) Importer(815301076,1909f56bfc062723c751e8b465ee728b)
Start importing Assets/AccionesJugador.inputactions using Guid(012dd2548e3d8384485fdba702889620) Importer(815301076,1909f56bfc062723c751e8b465ee728b)  -> (artifact id: 'cb297e143fd14a1f711f00aca7243314') in 0.043201 seconds
  Import took 0.048622 seconds .

========================================================================
Received Import Request.
  Time since last request: 0.026540 seconds.
  path: Assets/AccionesJugador.inputactions
  artifactKey: Guid(012dd2548e3d8384485fdba702889620) Importer(815301076,1909f56bfc062723c751e8b465ee728b)
Start importing Assets/AccionesJugador.inputactions using Guid(012dd2548e3d8384485fdba702889620) Importer(815301076,1909f56bfc062723c751e8b465ee728b)  -> (artifact id: 'cb297e143fd14a1f711f00aca7243314') in 0.002660 seconds
  Import took 0.007141 seconds .

========================================================================
Received Prepare
Registering precompiled user dll's ...
Registered in 0.001331 seconds.
Begin MonoManager ReloadAssembly
Native extension for LinuxStandalone target not found
Refreshing native plugins compatible for Editor in 0.42 ms, found 0 plugins.
Preloading 0 native plugins for Editor in 0.00 ms.
Invoked RoslynAnalysisRunner static constructor.
RoslynAnalysisRunner will not be running.
RoslynAnalysisRunner has terminated.
Mono: successfully reloaded assembly
- Completed reload, in  1.727 seconds
Platform modules already initialized, skipping
Refreshing native plugins compatible for Editor in 0.55 ms, found 0 plugins.
Preloading 0 native plugins for Editor in 0.00 ms.
Unloading 1423 Unused Serialized files (Serialized files now loaded: 0)
System memory in use before: 76.9 MB.
System memory in use after: 77.0 MB.

Unloading 5 unused Assets to reduce memory usage. Loaded Objects now: 1917.
Total: 5.370992 ms (FindLiveObjects: 0.372244 ms CreateObjectMapping: 0.102252 ms MarkObjects: 4.786473 ms  DeleteObjects: 0.104066 ms)

========================================================================
Received Import Request.
  Time since last request: 142.031165 seconds.
  path: Assets/AccionesJugador.cs
  artifactKey: Guid(555c47597b1857320ab51da592058d8c) Importer(815301076,1909f56bfc062723c751e8b465ee728b)
Start importing Assets/AccionesJugador.cs using Guid(555c47597b1857320ab51da592058d8c) Importer(815301076,1909f56bfc062723c751e8b465ee728b)  -> (artifact id: 'ad0081f7e2a41835d8382a3f1b4df817') in 0.006733 seconds
  Import took 0.014218 seconds .

========================================================================
Received Import Request.
  Time since last request: 0.011049 seconds.
  path: Assets/AccionesJugador.cs
  artifactKey: Guid(555c47597b1857320ab51da592058d8c) Importer(815301076,1909f56bfc062723c751e8b465ee728b)
Start importing Assets/AccionesJugador.cs using Guid(555c47597b1857320ab51da592058d8c) Importer(815301076,1909f56bfc062723c751e8b465ee728b)  -> (artifact id: 'ad0081f7e2a41835d8382a3f1b4df817') in 0.001315 seconds
  Import took 0.007133 seconds .

========================================================================
Received Prepare
Registering precompiled user dll's ...
Registered in 0.005208 seconds.
Begin MonoManager ReloadAssembly
Native extension for LinuxStandalone target not found
Refreshing native plugins compatible for Editor in 0.65 ms, found 0 plugins.
Preloading 0 native plugins for Editor in 0.00 ms.
Invoked RoslynAnalysisRunner static constructor.
RoslynAnalysisRunner will not be running.
RoslynAnalysisRunner has terminated.
Mono: successfully reloaded assembly
- Completed reload, in  1.851 seconds
Platform modules already initialized, skipping
Refreshing native plugins compatible for Editor in 0.46 ms, found 0 plugins.
Preloading 0 native plugins for Editor in 0.00 ms.
Unloading 1422 Unused Serialized files (Serialized files now loaded: 0)
System memory in use before: 76.9 MB.
System memory in use after: 76.9 MB.

Unloading 6 unused Assets to reduce memory usage. Loaded Objects now: 1918.
Total: 8.156539 ms (FindLiveObjects: 0.559312 ms CreateObjectMapping: 0.183438 ms MarkObjects: 7.324432 ms  DeleteObjects: 0.082925 ms)

AssetImportWorkerClient::OnTransportError - code=2 error=End of file
